{"level":40,"time":1684107770107,"pid":13712,"hostname":"Franco-Asusta2","method":"GET","url":"/favicon.ico"}
{"level":40,"time":1684107787000,"pid":13712,"hostname":"Franco-Asusta2","method":"GET","url":"/favicon.ico"}
{"level":40,"time":1684107792499,"pid":13712,"hostname":"Franco-Asusta2","method":"GET","url":"/favicon.ico"}
{"level":40,"time":1684107793858,"pid":13712,"hostname":"Franco-Asusta2","method":"GET","url":"/favicon.ico"}
{"level":40,"time":1684107908117,"pid":7928,"hostname":"Franco-Asusta2","method":"GET","url":"/favicon.ico"}
{"level":40,"time":1684107945391,"pid":7928,"hostname":"Franco-Asusta2","method":"GET","url":"/favicon.ico"}
{"level":40,"time":1684107947009,"pid":7928,"hostname":"Franco-Asusta2","method":"GET","url":"/favicon.ico"}
{"level":40,"time":1684107952318,"pid":7928,"hostname":"Franco-Asusta2","method":"GET","url":"/favicon.ico"}
{"level":40,"time":1684107958964,"pid":7928,"hostname":"Franco-Asusta2","method":"GET","url":"/favicon.ico"}
{"level":40,"time":1684107970309,"pid":7928,"hostname":"Franco-Asusta2","method":"GET","url":"/favicon.ico"}
{"level":40,"time":1684107973518,"pid":7928,"hostname":"Franco-Asusta2","method":"GET","url":"/favicon.ico"}
{"level":40,"time":1684107984090,"pid":612,"hostname":"Franco-Asusta2","method":"GET","url":"/favicon.ico"}
{"level":40,"time":1684107985221,"pid":612,"hostname":"Franco-Asusta2","method":"GET","url":"/favicon.ico"}
{"level":40,"time":1684108078370,"pid":612,"hostname":"Franco-Asusta2","method":"GET","url":"/favicon.ico"}
{"level":40,"time":1684108316151,"pid":4936,"hostname":"Franco-Asusta2","method":"GET","url":"/favicon.ico"}
{"level":40,"time":1684108679046,"pid":4936,"hostname":"Franco-Asusta2","method":"GET","url":"/favicon.ico"}
{"level":40,"time":1684108697090,"pid":4936,"hostname":"Franco-Asusta2","method":"GET","url":"/favicon.ico"}
{"level":40,"time":1684108715515,"pid":4936,"hostname":"Franco-Asusta2","method":"GET","url":"/favicon.ico"}
{"level":40,"time":1684108719154,"pid":4936,"hostname":"Franco-Asusta2","method":"GET","url":"/favicon.ico"}
{"level":40,"time":1684108898776,"pid":4936,"hostname":"Franco-Asusta2","method":"GET","url":"/favicon.ico"}
{"level":40,"time":1684108900147,"pid":4936,"hostname":"Franco-Asusta2","method":"GET","url":"/favicon.ico"}
{"level":40,"time":1684108909753,"pid":4936,"hostname":"Franco-Asusta2","method":"GET","url":"/favicon.ico"}
{"level":40,"time":1684108916085,"pid":4936,"hostname":"Franco-Asusta2","method":"GET","url":"/favicon.ico"}
{"level":40,"time":1684108920877,"pid":4936,"hostname":"Franco-Asusta2","method":"GET","url":"/favicon.ico"}
{"level":40,"time":1684108929074,"pid":4936,"hostname":"Franco-Asusta2","method":"GET","url":"/favicon.ico"}
{"level":40,"time":1684109328190,"pid":12684,"hostname":"Franco-Asusta2","method":"GET","url":"/favicon.ico"}
{"level":40,"time":1684109338251,"pid":12684,"hostname":"Franco-Asusta2","method":"GET","url":"/favicon.ico"}
{"level":40,"time":1684109381244,"pid":12684,"hostname":"Franco-Asusta2","method":"GET","url":"/DMSans-Regular.ttf'%20because%20it%20violates%20the%20following%20Content%20Security%20Policy%20directive:%20%22default-src%20'none'%22.%20Note%20that%20'font-src'%20was%20not%20explicitly%20set,%20so%20'default-src'%20is%20used%20as%20a%20fallback."}
{"level":40,"time":1684109544968,"pid":5408,"hostname":"Franco-Asusta2","method":"GET","url":"/favicon.ico"}
{"level":40,"time":1684109650606,"pid":5408,"hostname":"Franco-Asusta2","method":"GET","url":"/Roboto-Regular.ttf"}
{"level":40,"time":1684109665401,"pid":5408,"hostname":"Franco-Asusta2","method":"GET","url":"/favicon.ico"}
{"level":40,"time":1684109738544,"pid":5408,"hostname":"Franco-Asusta2","method":"GET","url":"/favicon.ico"}
{"level":40,"time":1684109744775,"pid":5408,"hostname":"Franco-Asusta2","method":"GET","url":"/favicon.ico"}
{"level":40,"time":1684109751441,"pid":5408,"hostname":"Franco-Asusta2","method":"GET","url":"/favicon.ico"}
{"level":40,"time":1684109874150,"pid":3280,"hostname":"Franco-Asusta2","method":"GET","url":"/favicon.ico"}
{"level":40,"time":1684109887393,"pid":3280,"hostname":"Franco-Asusta2","method":"GET","url":"/favicon.ico"}
{"level":40,"time":1684109893940,"pid":3280,"hostname":"Franco-Asusta2","method":"GET","url":"/favicon.ico"}
{"level":40,"time":1684109923304,"pid":3280,"hostname":"Franco-Asusta2","method":"GET","url":"/favicon.ico"}
{"level":40,"time":1684109928648,"pid":3280,"hostname":"Franco-Asusta2","method":"GET","url":"/favicon.ico"}
{"level":40,"time":1684111096366,"pid":14296,"hostname":"Franco-Asusta2","method":"GET","url":"/favicon.ico"}
{"level":40,"time":1684111253313,"pid":8596,"hostname":"Franco-Asusta2","method":"GET","url":"/favicon.ico"}
{"level":40,"time":1684111258252,"pid":8596,"hostname":"Franco-Asusta2","method":"GET","url":"/favicon.ico"}
{"level":40,"time":1684111263502,"pid":8596,"hostname":"Franco-Asusta2","method":"GET","url":"/favicon.ico"}
{"level":40,"time":1684111268212,"pid":8596,"hostname":"Franco-Asusta2","method":"GET","url":"/favicon.ico"}
{"level":40,"time":1684111443265,"pid":10680,"hostname":"Franco-Asusta2","method":"GET","url":"/favicon.ico"}
{"level":40,"time":1684114987274,"pid":14504,"hostname":"Franco-Asusta2","method":"GET","url":"/favicon.ico"}
{"level":40,"time":1684114992163,"pid":14504,"hostname":"Franco-Asusta2","method":"GET","url":"/favicon.ico"}
{"level":40,"time":1684114997731,"pid":14504,"hostname":"Franco-Asusta2","method":"GET","url":"/favicon.ico"}
{"level":40,"time":1684115004048,"pid":14504,"hostname":"Franco-Asusta2","method":"GET","url":"/favicon.ico"}
{"level":40,"time":1684115008553,"pid":14504,"hostname":"Franco-Asusta2","method":"GET","url":"/LOGO2.png"}
{"level":40,"time":1684115008671,"pid":14504,"hostname":"Franco-Asusta2","method":"GET","url":"/favicon.ico"}
{"level":40,"time":1684115011132,"pid":14504,"hostname":"Franco-Asusta2","method":"GET","url":"/LOGO2.png"}
{"level":40,"time":1684115012430,"pid":14504,"hostname":"Franco-Asusta2","method":"GET","url":"/favicon.ico"}
{"level":50,"time":1684115368058,"pid":11276,"hostname":"Franco-Asusta2","err":{"type":"TypeError","message":"Cannot destructure property 'user' of 'req.session.passport' as it is undefined.","stack":"TypeError: Cannot destructure property 'user' of 'req.session.passport' as it is undefined.\n    at findCartByFilter (file:///C:/Users/Franco/Desktop/PROGRAMACION/BACKEND/ProyectoBackEnd/src/controllers/cart.controller.js:87:17)\n    at Layer.handle [as handle_request] (C:\\Users\\Franco\\Desktop\\PROGRAMACION\\BACKEND\\ProyectoBackEnd\\node_modules\\express\\lib\\router\\layer.js:95:5)\n    at next (C:\\Users\\Franco\\Desktop\\PROGRAMACION\\BACKEND\\ProyectoBackEnd\\node_modules\\express\\lib\\router\\route.js:144:13)\n    at Route.dispatch (C:\\Users\\Franco\\Desktop\\PROGRAMACION\\BACKEND\\ProyectoBackEnd\\node_modules\\express\\lib\\router\\route.js:114:3)\n    at Layer.handle [as handle_request] (C:\\Users\\Franco\\Desktop\\PROGRAMACION\\BACKEND\\ProyectoBackEnd\\node_modules\\express\\lib\\router\\layer.js:95:5)\n    at C:\\Users\\Franco\\Desktop\\PROGRAMACION\\BACKEND\\ProyectoBackEnd\\node_modules\\express\\lib\\router\\index.js:284:15\n    at Function.process_params (C:\\Users\\Franco\\Desktop\\PROGRAMACION\\BACKEND\\ProyectoBackEnd\\node_modules\\express\\lib\\router\\index.js:346:12)\n    at next (C:\\Users\\Franco\\Desktop\\PROGRAMACION\\BACKEND\\ProyectoBackEnd\\node_modules\\express\\lib\\router\\index.js:280:10)\n    at Function.handle (C:\\Users\\Franco\\Desktop\\PROGRAMACION\\BACKEND\\ProyectoBackEnd\\node_modules\\express\\lib\\router\\index.js:175:3)\n    at router (C:\\Users\\Franco\\Desktop\\PROGRAMACION\\BACKEND\\ProyectoBackEnd\\node_modules\\express\\lib\\router\\index.js:47:12)"},"msg":"Cannot destructure property 'user' of 'req.session.passport' as it is undefined."}
{"level":40,"time":1684115394360,"pid":11276,"hostname":"Franco-Asusta2","method":"GET","url":"/favicon.ico"}
{"level":40,"time":1684115399518,"pid":11276,"hostname":"Franco-Asusta2","method":"GET","url":"/favicon.ico"}
{"level":40,"time":1684115405415,"pid":11276,"hostname":"Franco-Asusta2","method":"GET","url":"/LOGO2.png"}
{"level":40,"time":1684115405487,"pid":11276,"hostname":"Franco-Asusta2","method":"GET","url":"/favicon.ico"}
{"level":40,"time":1684115408026,"pid":11276,"hostname":"Franco-Asusta2","method":"GET","url":"/LOGO2.png"}
{"level":40,"time":1684115408150,"pid":11276,"hostname":"Franco-Asusta2","method":"GET","url":"/favicon.ico"}
{"level":40,"time":1684115449438,"pid":11276,"hostname":"Franco-Asusta2","method":"GET","url":"/favicon.ico"}
{"level":40,"time":1684115451983,"pid":11276,"hostname":"Franco-Asusta2","method":"GET","url":"/LOGO2.png"}
{"level":40,"time":1684115452056,"pid":11276,"hostname":"Franco-Asusta2","method":"GET","url":"/favicon.ico"}
{"level":40,"time":1684115464583,"pid":11276,"hostname":"Franco-Asusta2","method":"GET","url":"/favicon.ico"}
{"level":40,"time":1684115513716,"pid":11276,"hostname":"Franco-Asusta2","method":"GET","url":"/favicon.ico"}
{"level":40,"time":1684115630803,"pid":11768,"hostname":"Franco-Asusta2","method":"GET","url":"/favicon.ico"}
{"level":50,"time":1684115633249,"pid":11768,"hostname":"Franco-Asusta2","err":{"type":"TypeError","message":"Cannot destructure property 'user' of 'req.session.passport' as it is undefined.","stack":"TypeError: Cannot destructure property 'user' of 'req.session.passport' as it is undefined.\n    at findCartByFilter (file:///C:/Users/Franco/Desktop/PROGRAMACION/BACKEND/ProyectoBackEnd/src/controllers/cart.controller.js:87:17)\n    at Layer.handle [as handle_request] (C:\\Users\\Franco\\Desktop\\PROGRAMACION\\BACKEND\\ProyectoBackEnd\\node_modules\\express\\lib\\router\\layer.js:95:5)\n    at next (C:\\Users\\Franco\\Desktop\\PROGRAMACION\\BACKEND\\ProyectoBackEnd\\node_modules\\express\\lib\\router\\route.js:144:13)\n    at Route.dispatch (C:\\Users\\Franco\\Desktop\\PROGRAMACION\\BACKEND\\ProyectoBackEnd\\node_modules\\express\\lib\\router\\route.js:114:3)\n    at Layer.handle [as handle_request] (C:\\Users\\Franco\\Desktop\\PROGRAMACION\\BACKEND\\ProyectoBackEnd\\node_modules\\express\\lib\\router\\layer.js:95:5)\n    at C:\\Users\\Franco\\Desktop\\PROGRAMACION\\BACKEND\\ProyectoBackEnd\\node_modules\\express\\lib\\router\\index.js:284:15\n    at Function.process_params (C:\\Users\\Franco\\Desktop\\PROGRAMACION\\BACKEND\\ProyectoBackEnd\\node_modules\\express\\lib\\router\\index.js:346:12)\n    at next (C:\\Users\\Franco\\Desktop\\PROGRAMACION\\BACKEND\\ProyectoBackEnd\\node_modules\\express\\lib\\router\\index.js:280:10)\n    at Function.handle (C:\\Users\\Franco\\Desktop\\PROGRAMACION\\BACKEND\\ProyectoBackEnd\\node_modules\\express\\lib\\router\\index.js:175:3)\n    at router (C:\\Users\\Franco\\Desktop\\PROGRAMACION\\BACKEND\\ProyectoBackEnd\\node_modules\\express\\lib\\router\\index.js:47:12)"},"msg":"Cannot destructure property 'user' of 'req.session.passport' as it is undefined."}
{"level":40,"time":1684115633678,"pid":11768,"hostname":"Franco-Asusta2","method":"GET","url":"/favicon.ico"}
{"level":40,"time":1684115637707,"pid":11768,"hostname":"Franco-Asusta2","method":"GET","url":"/favicon.ico"}
{"level":40,"time":1684115644761,"pid":11768,"hostname":"Franco-Asusta2","method":"GET","url":"/favicon.ico"}
{"level":40,"time":1684115649340,"pid":11768,"hostname":"Franco-Asusta2","method":"GET","url":"/favicon.ico"}
{"level":40,"time":1684115652066,"pid":11768,"hostname":"Franco-Asusta2","method":"GET","url":"/favicon.ico"}
{"level":40,"time":1684116396120,"pid":1264,"hostname":"Franco-Asusta2","method":"GET","url":"/favicon.ico"}
{"level":40,"time":1684116400499,"pid":1264,"hostname":"Franco-Asusta2","method":"GET","url":"/favicon.ico"}
{"level":40,"time":1684116403276,"pid":1264,"hostname":"Franco-Asusta2","method":"GET","url":"/favicon.ico"}
{"level":40,"time":1684116528018,"pid":1904,"hostname":"Franco-Asusta2","method":"GET","url":"/favicon.ico"}
{"level":40,"time":1684116533786,"pid":1904,"hostname":"Franco-Asusta2","method":"GET","url":"/favicon.ico"}
{"level":40,"time":1684116536548,"pid":1904,"hostname":"Franco-Asusta2","method":"GET","url":"/favicon.ico"}
{"level":40,"time":1684116572108,"pid":1904,"hostname":"Franco-Asusta2","method":"GET","url":"/favicon.ico"}
{"level":50,"time":1684116752081,"pid":9608,"hostname":"Franco-Asusta2","err":{"type":"TypeError","message":"Cannot destructure property 'user' of 'req.session.passport' as it is undefined.","stack":"TypeError: Cannot destructure property 'user' of 'req.session.passport' as it is undefined.\n    at findCartByFilter (file:///C:/Users/Franco/Desktop/PROGRAMACION/BACKEND/ProyectoBackEnd/src/controllers/cart.controller.js:87:17)\n    at Layer.handle [as handle_request] (C:\\Users\\Franco\\Desktop\\PROGRAMACION\\BACKEND\\ProyectoBackEnd\\node_modules\\express\\lib\\router\\layer.js:95:5)\n    at next (C:\\Users\\Franco\\Desktop\\PROGRAMACION\\BACKEND\\ProyectoBackEnd\\node_modules\\express\\lib\\router\\route.js:144:13)\n    at Route.dispatch (C:\\Users\\Franco\\Desktop\\PROGRAMACION\\BACKEND\\ProyectoBackEnd\\node_modules\\express\\lib\\router\\route.js:114:3)\n    at Layer.handle [as handle_request] (C:\\Users\\Franco\\Desktop\\PROGRAMACION\\BACKEND\\ProyectoBackEnd\\node_modules\\express\\lib\\router\\layer.js:95:5)\n    at C:\\Users\\Franco\\Desktop\\PROGRAMACION\\BACKEND\\ProyectoBackEnd\\node_modules\\express\\lib\\router\\index.js:284:15\n    at Function.process_params (C:\\Users\\Franco\\Desktop\\PROGRAMACION\\BACKEND\\ProyectoBackEnd\\node_modules\\express\\lib\\router\\index.js:346:12)\n    at next (C:\\Users\\Franco\\Desktop\\PROGRAMACION\\BACKEND\\ProyectoBackEnd\\node_modules\\express\\lib\\router\\index.js:280:10)\n    at Function.handle (C:\\Users\\Franco\\Desktop\\PROGRAMACION\\BACKEND\\ProyectoBackEnd\\node_modules\\express\\lib\\router\\index.js:175:3)\n    at router (C:\\Users\\Franco\\Desktop\\PROGRAMACION\\BACKEND\\ProyectoBackEnd\\node_modules\\express\\lib\\router\\index.js:47:12)"},"msg":"Cannot destructure property 'user' of 'req.session.passport' as it is undefined."}
{"level":50,"time":1684116775064,"pid":13248,"hostname":"Franco-Asusta2","err":{"type":"TypeError","message":"Cannot destructure property 'user' of 'req.session.passport' as it is undefined.","stack":"TypeError: Cannot destructure property 'user' of 'req.session.passport' as it is undefined.\n    at findCartByFilter (file:///C:/Users/Franco/Desktop/PROGRAMACION/BACKEND/ProyectoBackEnd/src/controllers/cart.controller.js:87:17)\n    at Layer.handle [as handle_request] (C:\\Users\\Franco\\Desktop\\PROGRAMACION\\BACKEND\\ProyectoBackEnd\\node_modules\\express\\lib\\router\\layer.js:95:5)\n    at next (C:\\Users\\Franco\\Desktop\\PROGRAMACION\\BACKEND\\ProyectoBackEnd\\node_modules\\express\\lib\\router\\route.js:144:13)\n    at Route.dispatch (C:\\Users\\Franco\\Desktop\\PROGRAMACION\\BACKEND\\ProyectoBackEnd\\node_modules\\express\\lib\\router\\route.js:114:3)\n    at Layer.handle [as handle_request] (C:\\Users\\Franco\\Desktop\\PROGRAMACION\\BACKEND\\ProyectoBackEnd\\node_modules\\express\\lib\\router\\layer.js:95:5)\n    at C:\\Users\\Franco\\Desktop\\PROGRAMACION\\BACKEND\\ProyectoBackEnd\\node_modules\\express\\lib\\router\\index.js:284:15\n    at Function.process_params (C:\\Users\\Franco\\Desktop\\PROGRAMACION\\BACKEND\\ProyectoBackEnd\\node_modules\\express\\lib\\router\\index.js:346:12)\n    at next (C:\\Users\\Franco\\Desktop\\PROGRAMACION\\BACKEND\\ProyectoBackEnd\\node_modules\\express\\lib\\router\\index.js:280:10)\n    at Function.handle (C:\\Users\\Franco\\Desktop\\PROGRAMACION\\BACKEND\\ProyectoBackEnd\\node_modules\\express\\lib\\router\\index.js:175:3)\n    at router (C:\\Users\\Franco\\Desktop\\PROGRAMACION\\BACKEND\\ProyectoBackEnd\\node_modules\\express\\lib\\router\\index.js:47:12)"},"msg":"Cannot destructure property 'user' of 'req.session.passport' as it is undefined."}
{"level":40,"time":1684204304006,"pid":14568,"hostname":"Franco-Asusta2","method":"GET","url":"/favicon.ico"}
{"level":40,"time":1684204310789,"pid":14568,"hostname":"Franco-Asusta2","method":"GET","url":"/favicon.ico"}
{"level":40,"time":1684204316038,"pid":14568,"hostname":"Franco-Asusta2","method":"GET","url":"/favicon.ico"}
{"level":40,"time":1684204320468,"pid":14568,"hostname":"Franco-Asusta2","method":"GET","url":"/favicon.ico"}
{"level":40,"time":1684204321833,"pid":14568,"hostname":"Franco-Asusta2","method":"GET","url":"/favicon.ico"}
{"level":40,"time":1684204361671,"pid":14568,"hostname":"Franco-Asusta2","method":"GET","url":"/favicon.ico"}
{"level":40,"time":1684204364372,"pid":14568,"hostname":"Franco-Asusta2","method":"GET","url":"/favicon.ico"}
{"level":50,"time":1684204469519,"pid":9448,"hostname":"Franco-Asusta2","err":{"type":"TypeError","message":"Cannot destructure property 'user' of 'req.session.passport' as it is undefined.","stack":"TypeError: Cannot destructure property 'user' of 'req.session.passport' as it is undefined.\n    at findCartByFilter (file:///C:/Users/Franco/Desktop/PROGRAMACION/BACKEND/ProyectoBackEnd/src/controllers/cart.controller.js:87:17)\n    at Layer.handle [as handle_request] (C:\\Users\\Franco\\Desktop\\PROGRAMACION\\BACKEND\\ProyectoBackEnd\\node_modules\\express\\lib\\router\\layer.js:95:5)\n    at next (C:\\Users\\Franco\\Desktop\\PROGRAMACION\\BACKEND\\ProyectoBackEnd\\node_modules\\express\\lib\\router\\route.js:144:13)\n    at Route.dispatch (C:\\Users\\Franco\\Desktop\\PROGRAMACION\\BACKEND\\ProyectoBackEnd\\node_modules\\express\\lib\\router\\route.js:114:3)\n    at Layer.handle [as handle_request] (C:\\Users\\Franco\\Desktop\\PROGRAMACION\\BACKEND\\ProyectoBackEnd\\node_modules\\express\\lib\\router\\layer.js:95:5)\n    at C:\\Users\\Franco\\Desktop\\PROGRAMACION\\BACKEND\\ProyectoBackEnd\\node_modules\\express\\lib\\router\\index.js:284:15\n    at Function.process_params (C:\\Users\\Franco\\Desktop\\PROGRAMACION\\BACKEND\\ProyectoBackEnd\\node_modules\\express\\lib\\router\\index.js:346:12)\n    at next (C:\\Users\\Franco\\Desktop\\PROGRAMACION\\BACKEND\\ProyectoBackEnd\\node_modules\\express\\lib\\router\\index.js:280:10)\n    at Function.handle (C:\\Users\\Franco\\Desktop\\PROGRAMACION\\BACKEND\\ProyectoBackEnd\\node_modules\\express\\lib\\router\\index.js:175:3)\n    at router (C:\\Users\\Franco\\Desktop\\PROGRAMACION\\BACKEND\\ProyectoBackEnd\\node_modules\\express\\lib\\router\\index.js:47:12)"},"msg":"Cannot destructure property 'user' of 'req.session.passport' as it is undefined."}
{"level":50,"time":1684204531429,"pid":6640,"hostname":"Franco-Asusta2","err":{"type":"TypeError","message":"Cannot destructure property 'user' of 'req.session.passport' as it is undefined.","stack":"TypeError: Cannot destructure property 'user' of 'req.session.passport' as it is undefined.\n    at findCartByFilter (file:///C:/Users/Franco/Desktop/PROGRAMACION/BACKEND/ProyectoBackEnd/src/controllers/cart.controller.js:87:17)\n    at Layer.handle [as handle_request] (C:\\Users\\Franco\\Desktop\\PROGRAMACION\\BACKEND\\ProyectoBackEnd\\node_modules\\express\\lib\\router\\layer.js:95:5)\n    at next (C:\\Users\\Franco\\Desktop\\PROGRAMACION\\BACKEND\\ProyectoBackEnd\\node_modules\\express\\lib\\router\\route.js:144:13)\n    at Route.dispatch (C:\\Users\\Franco\\Desktop\\PROGRAMACION\\BACKEND\\ProyectoBackEnd\\node_modules\\express\\lib\\router\\route.js:114:3)\n    at Layer.handle [as handle_request] (C:\\Users\\Franco\\Desktop\\PROGRAMACION\\BACKEND\\ProyectoBackEnd\\node_modules\\express\\lib\\router\\layer.js:95:5)\n    at C:\\Users\\Franco\\Desktop\\PROGRAMACION\\BACKEND\\ProyectoBackEnd\\node_modules\\express\\lib\\router\\index.js:284:15\n    at Function.process_params (C:\\Users\\Franco\\Desktop\\PROGRAMACION\\BACKEND\\ProyectoBackEnd\\node_modules\\express\\lib\\router\\index.js:346:12)\n    at next (C:\\Users\\Franco\\Desktop\\PROGRAMACION\\BACKEND\\ProyectoBackEnd\\node_modules\\express\\lib\\router\\index.js:280:10)\n    at Function.handle (C:\\Users\\Franco\\Desktop\\PROGRAMACION\\BACKEND\\ProyectoBackEnd\\node_modules\\express\\lib\\router\\index.js:175:3)\n    at router (C:\\Users\\Franco\\Desktop\\PROGRAMACION\\BACKEND\\ProyectoBackEnd\\node_modules\\express\\lib\\router\\index.js:47:12)"},"msg":"Cannot destructure property 'user' of 'req.session.passport' as it is undefined."}
{"level":40,"time":1684204723663,"pid":3156,"hostname":"Franco-Asusta2","method":"GET","url":"/favicon.ico"}
{"level":40,"time":1684205063074,"pid":3156,"hostname":"Franco-Asusta2","method":"GET","url":"/favicon.ico"}
{"level":40,"time":1684205067196,"pid":3156,"hostname":"Franco-Asusta2","method":"GET","url":"/favicon.ico"}
{"level":40,"time":1684205073815,"pid":3156,"hostname":"Franco-Asusta2","method":"GET","url":"/favicon.ico"}
{"level":40,"time":1684205075843,"pid":3156,"hostname":"Franco-Asusta2","method":"GET","url":"/favicon.ico"}
{"level":40,"time":1684205093817,"pid":3156,"hostname":"Franco-Asusta2","method":"GET","url":"/favicon.ico"}
{"level":40,"time":1684205096557,"pid":3156,"hostname":"Franco-Asusta2","method":"GET","url":"/favicon.ico"}
{"level":40,"time":1684205100814,"pid":3156,"hostname":"Franco-Asusta2","method":"GET","url":"/favicon.ico"}
{"level":40,"time":1684205107936,"pid":3156,"hostname":"Franco-Asusta2","method":"GET","url":"/favicon.ico"}
{"level":40,"time":1684205126966,"pid":3156,"hostname":"Franco-Asusta2","method":"GET","url":"/favicon.ico"}
{"level":40,"time":1684205144125,"pid":3156,"hostname":"Franco-Asusta2","method":"GET","url":"/favicon.ico"}
{"level":40,"time":1684205164214,"pid":3156,"hostname":"Franco-Asusta2","method":"GET","url":"/favicon.ico"}
{"level":40,"time":1684205203263,"pid":3156,"hostname":"Franco-Asusta2","method":"GET","url":"/favicon.ico"}
{"level":40,"time":1684205211004,"pid":3156,"hostname":"Franco-Asusta2","method":"GET","url":"/favicon.ico"}
{"level":40,"time":1684205213657,"pid":3156,"hostname":"Franco-Asusta2","method":"GET","url":"/favicon.ico"}
{"level":40,"time":1684205515922,"pid":14520,"hostname":"Franco-Asusta2","method":"GET","url":"/favicon.ico"}
{"level":40,"time":1684205521633,"pid":14520,"hostname":"Franco-Asusta2","method":"GET","url":"/favicon.ico"}
{"level":40,"time":1684205524369,"pid":14520,"hostname":"Franco-Asusta2","method":"GET","url":"/favicon.ico"}
{"level":40,"time":1684205532206,"pid":14520,"hostname":"Franco-Asusta2","method":"GET","url":"/favicon.ico"}
{"level":40,"time":1684205539236,"pid":14520,"hostname":"Franco-Asusta2","method":"GET","url":"/favicon.ico"}
{"level":40,"time":1684205545337,"pid":14520,"hostname":"Franco-Asusta2","method":"GET","url":"/favicon.ico"}
{"level":40,"time":1684205549860,"pid":14520,"hostname":"Franco-Asusta2","method":"GET","url":"/favicon.ico"}
{"level":40,"time":1684205558904,"pid":14520,"hostname":"Franco-Asusta2","method":"GET","url":"/favicon.ico"}
{"level":40,"time":1684205714806,"pid":14520,"hostname":"Franco-Asusta2","method":"GET","url":"/favicon.ico"}
{"level":40,"time":1684205720504,"pid":14520,"hostname":"Franco-Asusta2","method":"GET","url":"/favicon.ico"}
{"level":40,"time":1684205725770,"pid":14520,"hostname":"Franco-Asusta2","method":"GET","url":"/favicon.ico"}
{"level":40,"time":1684205731495,"pid":14520,"hostname":"Franco-Asusta2","method":"GET","url":"/favicon.ico"}
{"level":40,"time":1684205877015,"pid":14520,"hostname":"Franco-Asusta2","method":"GET","url":"/test"}
{"level":40,"time":1684205877210,"pid":14520,"hostname":"Franco-Asusta2","method":"GET","url":"/favicon.ico"}
{"level":40,"time":1684205878885,"pid":14520,"hostname":"Franco-Asusta2","method":"GET","url":"/favicon.ico"}
{"level":40,"time":1684205881679,"pid":14520,"hostname":"Franco-Asusta2","method":"GET","url":"/favicon.ico"}
{"level":40,"time":1684205907766,"pid":14520,"hostname":"Franco-Asusta2","method":"GET","url":"/api/randoms"}
{"level":40,"time":1684205907968,"pid":14520,"hostname":"Franco-Asusta2","method":"GET","url":"/favicon.ico"}
{"level":40,"time":1684205909616,"pid":14520,"hostname":"Franco-Asusta2","method":"GET","url":"/favicon.ico"}
{"level":40,"time":1684205912312,"pid":14520,"hostname":"Franco-Asusta2","method":"GET","url":"/favicon.ico"}
{"level":40,"time":1684206011988,"pid":14520,"hostname":"Franco-Asusta2","method":"GET","url":"/favicon.ico"}
{"level":40,"time":1684206014721,"pid":14520,"hostname":"Franco-Asusta2","method":"GET","url":"/favicon.ico"}
{"level":40,"time":1684206045075,"pid":14520,"hostname":"Franco-Asusta2","method":"GET","url":"/favicon.ico"}
{"level":40,"time":1684206047654,"pid":14520,"hostname":"Franco-Asusta2","method":"GET","url":"/favicon.ico"}
{"level":40,"time":1684206059167,"pid":14520,"hostname":"Franco-Asusta2","method":"GET","url":"/favicon.ico"}
{"level":40,"time":1684206070543,"pid":14520,"hostname":"Franco-Asusta2","method":"GET","url":"/favicon.ico"}
{"level":40,"time":1684206115600,"pid":14520,"hostname":"Franco-Asusta2","method":"GET","url":"/favicon.ico"}
{"level":40,"time":1684206157379,"pid":14520,"hostname":"Franco-Asusta2","method":"GET","url":"/favicon.ico"}
{"level":40,"time":1684206462930,"pid":14520,"hostname":"Franco-Asusta2","method":"GET","url":"/favicon.ico"}
{"level":40,"time":1684206476975,"pid":14520,"hostname":"Franco-Asusta2","method":"GET","url":"/favicon.ico"}
{"level":40,"time":1684206500082,"pid":14520,"hostname":"Franco-Asusta2","method":"GET","url":"/favicon.ico"}
{"level":40,"time":1684206517325,"pid":14520,"hostname":"Franco-Asusta2","method":"GET","url":"/favicon.ico"}
{"level":40,"time":1684206530088,"pid":14520,"hostname":"Franco-Asusta2","method":"GET","url":"/favicon.ico"}
{"level":40,"time":1684206543219,"pid":14520,"hostname":"Franco-Asusta2","method":"GET","url":"/favicon.ico"}
{"level":40,"time":1684206573575,"pid":14520,"hostname":"Franco-Asusta2","method":"GET","url":"/favicon.ico"}
{"level":40,"time":1684206647648,"pid":14520,"hostname":"Franco-Asusta2","method":"GET","url":"/favicon.ico"}
{"level":40,"time":1684206766269,"pid":14520,"hostname":"Franco-Asusta2","method":"GET","url":"/favicon.ico"}
{"level":40,"time":1684206846253,"pid":14520,"hostname":"Franco-Asusta2","method":"GET","url":"/favicon.ico"}
{"level":40,"time":1684206902704,"pid":14520,"hostname":"Franco-Asusta2","method":"GET","url":"/favicon.ico"}
{"level":40,"time":1684207026112,"pid":14520,"hostname":"Franco-Asusta2","method":"GET","url":"/favicon.ico"}
{"level":40,"time":1684207049981,"pid":14520,"hostname":"Franco-Asusta2","method":"GET","url":"/favicon.ico"}
{"level":40,"time":1684207059211,"pid":14520,"hostname":"Franco-Asusta2","method":"GET","url":"/favicon.ico"}
{"level":40,"time":1684207066151,"pid":14520,"hostname":"Franco-Asusta2","method":"GET","url":"/favicon.ico"}
{"level":40,"time":1684207091761,"pid":14520,"hostname":"Franco-Asusta2","method":"GET","url":"/favicon.ico"}
{"level":40,"time":1684207213854,"pid":14520,"hostname":"Franco-Asusta2","method":"GET","url":"/favicon.ico"}
{"level":40,"time":1684207246642,"pid":14520,"hostname":"Franco-Asusta2","method":"GET","url":"/favicon.ico"}
{"level":40,"time":1684207270488,"pid":14520,"hostname":"Franco-Asusta2","method":"GET","url":"/favicon.ico"}
{"level":40,"time":1684207335862,"pid":14520,"hostname":"Franco-Asusta2","method":"GET","url":"/favicon.ico"}
{"level":40,"time":1684207366934,"pid":14520,"hostname":"Franco-Asusta2","method":"GET","url":"/favicon.ico"}
{"level":40,"time":1684207407703,"pid":14520,"hostname":"Franco-Asusta2","method":"GET","url":"/favicon.ico"}
{"level":40,"time":1684207421128,"pid":14520,"hostname":"Franco-Asusta2","method":"GET","url":"/favicon.ico"}
{"level":40,"time":1684207430685,"pid":14520,"hostname":"Franco-Asusta2","method":"GET","url":"/favicon.ico"}
{"level":40,"time":1684207452656,"pid":14520,"hostname":"Franco-Asusta2","method":"GET","url":"/favicon.ico"}
{"level":40,"time":1684207537845,"pid":14520,"hostname":"Franco-Asusta2","method":"GET","url":"/favicon.ico"}
{"level":40,"time":1684207545971,"pid":14520,"hostname":"Franco-Asusta2","method":"GET","url":"/favicon.ico"}
{"level":40,"time":1684207580280,"pid":14520,"hostname":"Franco-Asusta2","method":"GET","url":"/favicon.ico"}
{"level":40,"time":1684207619331,"pid":14520,"hostname":"Franco-Asusta2","method":"GET","url":"/favicon.ico"}
{"level":40,"time":1684207631795,"pid":14520,"hostname":"Franco-Asusta2","method":"GET","url":"/favicon.ico"}
{"level":40,"time":1684207638215,"pid":14520,"hostname":"Franco-Asusta2","method":"GET","url":"/favicon.ico"}
{"level":40,"time":1684207695179,"pid":14520,"hostname":"Franco-Asusta2","method":"GET","url":"/favicon.ico"}
{"level":40,"time":1684207704640,"pid":14520,"hostname":"Franco-Asusta2","method":"GET","url":"/favicon.ico"}
{"level":40,"time":1684207741479,"pid":14520,"hostname":"Franco-Asusta2","method":"GET","url":"/favicon.ico"}
{"level":40,"time":1684207790331,"pid":14520,"hostname":"Franco-Asusta2","method":"GET","url":"/favicon.ico"}
{"level":40,"time":1684207812550,"pid":14520,"hostname":"Franco-Asusta2","method":"GET","url":"/favicon.ico"}
{"level":40,"time":1684207888189,"pid":14520,"hostname":"Franco-Asusta2","method":"GET","url":"/favicon.ico"}
{"level":40,"time":1684207924563,"pid":14520,"hostname":"Franco-Asusta2","method":"GET","url":"/favicon.ico"}
{"level":40,"time":1684207946387,"pid":14520,"hostname":"Franco-Asusta2","method":"GET","url":"/favicon.ico"}
{"level":40,"time":1684208021072,"pid":14520,"hostname":"Franco-Asusta2","method":"GET","url":"/favicon.ico"}
{"level":40,"time":1684208027162,"pid":14520,"hostname":"Franco-Asusta2","method":"GET","url":"/favicon.ico"}
{"level":40,"time":1684208072574,"pid":14520,"hostname":"Franco-Asusta2","method":"GET","url":"/favicon.ico"}
{"level":40,"time":1684208084742,"pid":14520,"hostname":"Franco-Asusta2","method":"GET","url":"/favicon.ico"}
{"level":40,"time":1684208092636,"pid":14520,"hostname":"Franco-Asusta2","method":"GET","url":"/favicon.ico"}
{"level":40,"time":1684208102549,"pid":14520,"hostname":"Franco-Asusta2","method":"GET","url":"/favicon.ico"}
{"level":40,"time":1684208121021,"pid":14520,"hostname":"Franco-Asusta2","method":"GET","url":"/favicon.ico"}
{"level":40,"time":1684208143062,"pid":14520,"hostname":"Franco-Asusta2","method":"GET","url":"/favicon.ico"}
{"level":40,"time":1684208231687,"pid":14520,"hostname":"Franco-Asusta2","method":"GET","url":"/favicon.ico"}
{"level":40,"time":1684208284299,"pid":14520,"hostname":"Franco-Asusta2","method":"GET","url":"/favicon.ico"}
{"level":40,"time":1684208330395,"pid":14520,"hostname":"Franco-Asusta2","method":"GET","url":"/favicon.ico"}
{"level":40,"time":1684368620246,"pid":5088,"hostname":"Franco-Asusta2","method":"GET","url":"/favicon.ico"}
{"level":40,"time":1684368625876,"pid":5088,"hostname":"Franco-Asusta2","method":"GET","url":"/favicon.ico"}
{"level":40,"time":1684368633083,"pid":5088,"hostname":"Franco-Asusta2","method":"GET","url":"/favicon.ico"}
{"level":40,"time":1684368637767,"pid":5088,"hostname":"Franco-Asusta2","method":"GET","url":"/favicon.ico"}
{"level":40,"time":1684368643779,"pid":5088,"hostname":"Franco-Asusta2","method":"GET","url":"/favicon.ico"}
{"level":40,"time":1684368731024,"pid":5088,"hostname":"Franco-Asusta2","method":"GET","url":"/cart/?1"}
{"level":40,"time":1684368731214,"pid":5088,"hostname":"Franco-Asusta2","method":"GET","url":"/favicon.ico"}
{"level":40,"time":1684368732860,"pid":5088,"hostname":"Franco-Asusta2","method":"GET","url":"/favicon.ico"}
{"level":40,"time":1684368735726,"pid":5088,"hostname":"Franco-Asusta2","method":"GET","url":"/favicon.ico"}
{"level":40,"time":1684368765138,"pid":5088,"hostname":"Franco-Asusta2","method":"GET","url":"/cart/?productId=1"}
{"level":40,"time":1684368765335,"pid":5088,"hostname":"Franco-Asusta2","method":"GET","url":"/favicon.ico"}
{"level":40,"time":1684368767001,"pid":5088,"hostname":"Franco-Asusta2","method":"GET","url":"/favicon.ico"}
{"level":40,"time":1684368769665,"pid":5088,"hostname":"Franco-Asusta2","method":"GET","url":"/favicon.ico"}
